# JRE version: OpenJDK Runtime Environment JBR-11.0.10.8-1145.96-jcef (11.0.10+8) (build 11.0.10+8-b1145.96)
# Java VM: OpenJDK 64-Bit Server VM JBR-11.0.10.8-1145.96-jcef (11.0.10+8-b1145.96, mixed mode, tiered, compressed oops, g1 gc, windows-amd64)
Heap:
 garbage-first heap   total 227328K, used 69181K [0x0000000722000000, 0x0000000800000000)
  region size 1024K, 57 young (58368K), 9 survivors (9216K)
 Metaspace       used 43995K, capacity 45092K, committed 45184K, reserved 1089536K
  class space    used 4767K, capacity 5187K, committed 5248K, reserved 1048576K
GC Heap History (18 events):
Event: 0.396 GC heap before
{Heap before GC invocations=0 (full 0):
 garbage-first heap   total 227328K, used 23552K [0x0000000722000000, 0x0000000800000000)
  region size 1024K, 24 young (24576K), 0 survivors (0K)
 Metaspace       used 8913K, capacity 9076K, committed 9344K, reserved 1058816K
  class space    used 767K, capacity 838K, committed 896K, reserved 1048576K
}
Event: 0.400 GC heap after
{Heap after GC invocations=1 (full 0):
 garbage-first heap   total 227328K, used 4513K [0x0000000722000000, 0x0000000800000000)
  region size 1024K, 3 young (3072K), 3 survivors (3072K)
 Metaspace       used 8913K, capacity 9076K, committed 9344K, reserved 1058816K
  class space    used 767K, capacity 838K, committed 896K, reserved 1048576K
}
Event: 1.785 GC heap before
{Heap before GC invocations=1 (full 0):
 garbage-first heap   total 227328K, used 119201K [0x0000000722000000, 0x0000000800000000)
  region size 1024K, 116 young (118784K), 3 survivors (3072K)
 Metaspace       used 20633K, capacity 21131K, committed 21248K, reserved 1069056K
  class space    used 2270K, capacity 2465K, committed 2560K, reserved 1048576K
}
Event: 1.798 GC heap after
{Heap after GC invocations=2 (full 0):
 garbage-first heap   total 227328K, used 7986K [0x0000000722000000, 0x0000000800000000)
  region size 1024K, 7 young (7168K), 7 survivors (7168K)
 Metaspace       used 20633K, capacity 21131K, committed 21248K, reserved 1069056K
  class space    used 2270K, capacity 2465K, committed 2560K, reserved 1048576K
}
Event: 2.754 GC heap before
{Heap before GC invocations=3 (full 0):
 garbage-first heap   total 227328K, used 88882K [0x0000000722000000, 0x0000000800000000)
  region size 1024K, 87 young (89088K), 7 survivors (7168K)
 Metaspace       used 28418K, capacity 29183K, committed 29440K, reserved 1075200K
  class space    used 3294K, capacity 3568K, committed 3584K, reserved 1048576K
}
Event: 2.761 GC heap after
{Heap after GC invocations=4 (full 0):
 garbage-first heap   total 227328K, used 9940K [0x0000000722000000, 0x0000000800000000)
  region size 1024K, 6 young (6144K), 6 survivors (6144K)
 Metaspace       used 28418K, capacity 29183K, committed 29440K, reserved 1075200K
  class space    used 3294K, capacity 3568K, committed 3584K, reserved 1048576K
}
Event: 6.207 GC heap before
{Heap before GC invocations=4 (full 0):
 garbage-first heap   total 227328K, used 96980K [0x0000000722000000, 0x0000000800000000)
  region size 1024K, 88 young (90112K), 6 survivors (6144K)
 Metaspace       used 34780K, capacity 35708K, committed 35840K, reserved 1081344K
  class space    used 4016K, capacity 4407K, committed 4480K, reserved 1048576K
}
Event: 6.217 GC heap after
{Heap after GC invocations=5 (full 0):
 garbage-first heap   total 227328K, used 18850K [0x0000000722000000, 0x0000000800000000)
  region size 1024K, 12 young (12288K), 12 survivors (12288K)
 Metaspace       used 34780K, capacity 35708K, committed 35840K, reserved 1081344K
  class space    used 4016K, capacity 4407K, committed 4480K, reserved 1048576K
}
Event: 26.677 GC heap before
{Heap before GC invocations=6 (full 0):
 garbage-first heap   total 227328K, used 141730K [0x0000000722000000, 0x0000000800000000)
  region size 1024K, 133 young (136192K), 12 survivors (12288K)
 Metaspace       used 41892K, capacity 42908K, committed 43008K, reserved 1087488K
  class space    used 4679K, capacity 5088K, committed 5120K, reserved 1048576K
}
Event: 26.685 GC heap after
{Heap after GC invocations=7 (full 0):
 garbage-first heap   total 227328K, used 20277K [0x0000000722000000, 0x0000000800000000)
  region size 1024K, 10 young (10240K), 10 survivors (10240K)
 Metaspace       used 41892K, capacity 42908K, committed 43008K, reserved 1087488K
  class space    used 4679K, capacity 5088K, committed 5120K, reserved 1048576K
}
Event: 85.496 GC heap before
{Heap before GC invocations=7 (full 0):
 garbage-first heap   total 227328K, used 146229K [0x0000000722000000, 0x0000000800000000)
  region size 1024K, 133 young (136192K), 10 survivors (10240K)
 Metaspace       used 42573K, capacity 43653K, committed 43904K, reserved 1087488K
  class space    used 4733K, capacity 5141K, committed 5248K, reserved 1048576K
}
Event: 85.499 GC heap after
{Heap after GC invocations=8 (full 0):
 garbage-first heap   total 227328K, used 20686K [0x0000000722000000, 0x0000000800000000)
  region size 1024K, 8 young (8192K), 8 survivors (8192K)
 Metaspace       used 42573K, capacity 43653K, committed 43904K, reserved 1087488K
  class space    used 4733K, capacity 5141K, committed 5248K, reserved 1048576K
}
Event: 127.578 GC heap before
{Heap before GC invocations=8 (full 0):
 garbage-first heap   total 227328K, used 147662K [0x0000000722000000, 0x0000000800000000)
  region size 1024K, 133 young (136192K), 8 survivors (8192K)
 Metaspace       used 43156K, capacity 44257K, committed 44416K, reserved 1089536K
  class space    used 4738K, capacity 5146K, committed 5248K, reserved 1048576K
}
Event: 127.581 GC heap after
{Heap after GC invocations=9 (full 0):
 garbage-first heap   total 227328K, used 20934K [0x0000000722000000, 0x0000000800000000)
  region size 1024K, 9 young (9216K), 9 survivors (9216K)
 Metaspace       used 43156K, capacity 44257K, committed 44416K, reserved 1089536K
  class space    used 4738K, capacity 5146K, committed 5248K, reserved 1048576K
}
Event: 189.695 GC heap before
{Heap before GC invocations=9 (full 0):
 garbage-first heap   total 227328K, used 147910K [0x0000000722000000, 0x0000000800000000)
  region size 1024K, 133 young (136192K), 9 survivors (9216K)
 Metaspace       used 43500K, capacity 44589K, committed 44928K, reserved 1089536K
  class space    used 4755K, capacity 5149K, committed 5248K, reserved 1048576K
}
Event: 189.705 GC heap after
{Heap after GC invocations=10 (full 0):
 garbage-first heap   total 227328K, used 21467K [0x0000000722000000, 0x0000000800000000)
  region size 1024K, 9 young (9216K), 9 survivors (9216K)
 Metaspace       used 43500K, capacity 44589K, committed 44928K, reserved 1089536K
  class space    used 4755K, capacity 5149K, committed 5248K, reserved 1048576K
}
Event: 252.069 GC heap before
{Heap before GC invocations=10 (full 0):
 garbage-first heap   total 227328K, used 147419K [0x0000000722000000, 0x0000000800000000)
  region size 1024K, 133 young (136192K), 9 survivors (9216K)
 Metaspace       used 43831K, capacity 44962K, committed 45184K, reserved 1089536K
  class space    used 4767K, capacity 5187K, committed 5248K, reserved 1048576K
}
Event: 252.095 GC heap after
{Heap after GC invocations=11 (full 0):
 garbage-first heap   total 227328K, used 21053K [0x0000000722000000, 0x0000000800000000)
  region size 1024K, 9 young (9216K), 9 survivors (9216K)
 Metaspace       used 43831K, capacity 44962K, committed 45184K, reserved 1089536K
  class space    used 4767K, capacity 5187K, committed 5248K, reserved 1048576K
}

